2023.06.21 14:08:00.641 INFO  Model.MyModel - Server.Server@2f21edc3 Starting server at port = 5404
2023.06.21 14:08:08.736 INFO  Model.MyModel - Client accepted: Client.Client@2e3713f7
2023.06.21 14:10:04.357 INFO  Model.MyModel - Server.Server@687094ba Starting server at port = 5404
2023.06.21 14:10:12.429 INFO  Model.MyModel - Client accepted: Client.Client@43a600
2023.06.21 14:10:12.438 INFO  Model.MyModel - Created new maze with - 0 rows and 0columns
2023.06.21 14:10:12.439 INFO  Model.MyModel - Stopping server... 
2023.06.21 14:13:24.163 INFO  Model.MyModel - Server.Server@6a72b283 Starting server at port = 5404
2023.06.21 14:13:32.246 INFO  Model.MyModel - Client accepted: Client.Client@65f78472
2023.06.21 14:13:32.250 INFO  Model.MyModel - Created new maze with - 20 rows and 20columns
2023.06.21 14:13:32.254 INFO  Model.MyModel - Stopping server... 
2023.06.21 14:14:44.559 INFO  Model.MyModel - Server.Server@1ae90f37 Starting server at port = 5404
2023.06.21 14:14:52.660 INFO  Model.MyModel - Client accepted: Client.Client@55d0580c
2023.06.21 14:14:52.664 INFO  Model.MyModel - Created new maze with - 20 rows and 20columns
2023.06.21 14:14:52.665 INFO  Model.MyModel - Stopping server... 
2023.06.21 14:15:44.570 INFO  Model.MyModel - Server.Server@3fe2f558Starting server at port: 5405
2023.06.21 14:15:44.709 INFO  Model.MyModel - Server.Server@3fe2f558Client accepted : Client.Client@165f7be
2023.06.21 14:15:44.709 INFO  Model.MyModel - Client.Client@165f7beClient requested for a maze solution
2023.06.21 14:15:44.710 INFO  Model.MyModel - Server.Server@3fe2f558 Stopping sever...
2023.06.21 14:21:13.110 INFO  Model.MyModel - Server.Server@3e77702e Starting server at port = 5404
2023.06.21 14:21:21.184 INFO  Model.MyModel - Client accepted: Client.Client@25d4f1e
2023.06.21 14:21:21.188 INFO  Model.MyModel - Created new maze with - 20 rows and 20columns
2023.06.21 14:21:21.188 INFO  Model.MyModel - Stopping server... 
2023.06.21 14:21:24.568 INFO  Model.MyModel - Server.Server@4ba503f2Starting server at port: 5405
2023.06.21 14:21:24.671 INFO  Model.MyModel - Server.Server@4ba503f2Client accepted : Client.Client@5cd7100
2023.06.21 14:21:24.672 INFO  Model.MyModel - Client.Client@5cd7100Client requested for a maze solution
2023.06.21 14:21:24.672 INFO  Model.MyModel - Server.Server@4ba503f2 Stopping sever...
2023.06.21 14:24:54.320 INFO  Model.MyModel - Server.Server@1e50e650 Starting server at port = 5404
2023.06.21 14:25:02.397 INFO  Model.MyModel - Client accepted: Client.Client@45d39568
2023.06.21 14:25:02.400 INFO  Model.MyModel - Created new maze with - 20 rows and 20columns
2023.06.21 14:25:02.400 INFO  Model.MyModel - Stopping server... 
2023.06.21 14:25:05.602 INFO  Model.MyModel - Server.Server@349d27ceStarting server at port: 5405
2023.06.21 14:25:05.694 INFO  Model.MyModel - Server.Server@349d27ceClient accepted : Client.Client@439ade8
2023.06.21 14:25:05.695 INFO  Model.MyModel - Client.Client@439ade8Client requested for a maze solution
2023.06.21 14:25:05.695 INFO  Model.MyModel - Server.Server@349d27ce Stopping sever...
2023.06.21 14:36:27.658 INFO  Model.MyModel - Server.Server@5b01b186 Starting server at port = 5404
2023.06.21 14:38:05.109 INFO  Model.MyModel - Server.Server@1f66d9c6 Starting server at port = 5404
2023.06.21 14:39:35.215 INFO  Model.MyModel - Server.Server@df7dcb5 Starting server at port = 5404
2023.06.21 14:39:43.285 INFO  Model.MyModel - Client accepted: Client.Client@2568a74a
2023.06.21 14:39:43.287 INFO  Model.MyModel - Created new maze with - 20 rows and 20columns
2023.06.21 14:39:43.287 INFO  Model.MyModel - Stopping server... 
2023.06.21 14:39:48.522 INFO  Model.MyModel - Server.Server@510cda7bStarting server at port: 5405
2023.06.21 14:39:48.639 INFO  Model.MyModel - Server.Server@510cda7bClient accepted : Client.Client@bb9cec3
2023.06.21 14:39:48.640 INFO  Model.MyModel - Client.Client@bb9cec3Client requested for a maze solution
2023.06.21 14:39:48.640 INFO  Model.MyModel - Server.Server@510cda7b Stopping sever...
2023.06.21 14:46:05.599 INFO  Model.MyModel - Server.Server@bdda973 Starting server at port = 5404
2023.06.21 14:46:13.700 INFO  Model.MyModel - Client accepted: Client.Client@6c411274
2023.06.21 14:46:13.702 INFO  Model.MyModel - Created new maze with - 20 rows and 20columns
2023.06.21 14:46:13.702 INFO  Model.MyModel - Stopping server... 
2023.06.21 14:46:18.167 INFO  Model.MyModel - Server.Server@135fb336Starting server at port: 5405
2023.06.21 14:46:18.262 INFO  Model.MyModel - Server.Server@135fb336Client accepted : Client.Client@524ee998
2023.06.21 14:46:18.262 INFO  Model.MyModel - Client.Client@524ee998Client requested for a maze solution
2023.06.21 14:46:18.263 INFO  Model.MyModel - Server.Server@135fb336 Stopping sever...
2023.06.21 14:49:25.386 INFO  Model.MyModel - Server.Server@72947b45 Starting server at port = 5404
2023.06.21 14:49:33.488 INFO  Model.MyModel - Client accepted: Client.Client@70892334
2023.06.21 14:49:33.492 INFO  Model.MyModel - Created new maze with - 20 rows and 20columns
2023.06.21 14:49:33.492 INFO  Model.MyModel - Stopping server... 
2023.06.21 14:49:36.722 INFO  Model.MyModel - Server.Server@58e00ccbStarting server at port: 5405
2023.06.21 14:49:36.819 INFO  Model.MyModel - Server.Server@58e00ccbClient accepted : Client.Client@1798bb4a
2023.06.21 14:49:36.819 INFO  Model.MyModel - Client.Client@1798bb4aClient requested for a maze solution
2023.06.21 14:49:36.820 INFO  Model.MyModel - Server.Server@58e00ccb Stopping sever...
2023.06.21 14:55:23.049 INFO  Model.MyModel - Server.Server@17840325 Starting server at port = 5404
2023.06.21 14:55:31.116 INFO  Model.MyModel - Client accepted: Client.Client@30f60f75
2023.06.21 14:55:31.120 INFO  Model.MyModel - Created new maze with - 20 rows and 20columns
2023.06.21 14:55:31.120 INFO  Model.MyModel - Stopping server... 
2023.06.21 15:22:42.379 INFO  Model.MyModel - Server.Server@69a5ab61 Starting server at port = 5404
2023.06.21 15:22:50.444 INFO  Model.MyModel - Client accepted: Client.Client@381483ef
2023.06.21 15:22:50.447 INFO  Model.MyModel - Created new maze with - 20 rows and 20 columns
2023.06.21 15:22:50.447 INFO  Model.MyModel - Stopping server... 
2023.06.21 15:33:37.266 INFO  Model.MyModel - Server.Server@69a5ab61 Starting server at port = 5404
2023.06.21 15:33:45.331 INFO  Model.MyModel - Client accepted: Client.Client@381483ef
2023.06.21 15:33:45.332 INFO  Model.MyModel - Created new maze with - 20 rows and 20 columns
2023.06.21 15:33:45.333 INFO  Model.MyModel - Stopping server... 
2023.06.21 15:34:02.323 INFO  Model.MyModel - Server.Server@34805c20Starting server at port: 5405
2023.06.21 15:34:02.617 INFO  Model.MyModel - Server.Server@34805c20Client accepted : Client.Client@52c1000d
2023.06.21 15:34:02.618 INFO  Model.MyModel - Client.Client@52c1000dClient requested for a maze solution
2023.06.21 15:34:02.619 INFO  Model.MyModel - Server.Server@34805c20 Stopping sever...
2023.06.22 10:19:36.445 INFO  Model.MyModel - Server.Server@5fc6149d Starting server at port = 5404
2023.06.22 10:19:44.558 INFO  Model.MyModel - Client accepted: Client.Client@5cdcc792
2023.06.22 10:19:44.561 INFO  Model.MyModel - Created new maze with - 20 rows and 20 columns
2023.06.22 10:19:44.562 INFO  Model.MyModel - Stopping server... 
2023.06.22 10:20:14.415 INFO  Model.MyModel - Server.Server@703582aStarting server at port: 5405
2023.06.22 10:20:14.641 INFO  Model.MyModel - Server.Server@703582aClient accepted : Client.Client@3fe2f558
2023.06.22 10:20:14.641 INFO  Model.MyModel - Client.Client@3fe2f558Client requested for a maze solution
2023.06.22 10:20:14.642 INFO  Model.MyModel - Server.Server@703582a Stopping sever...
2023.06.22 11:17:46.640 INFO  Model.MyModel - Server.Server@25848f9a Starting server at port = 5404
2023.06.22 11:17:54.736 INFO  Model.MyModel - Client accepted: Client.Client@63192bf6
2023.06.22 11:17:54.739 INFO  Model.MyModel - Created new maze with - 20 rows and 20 columns
2023.06.22 11:17:54.739 INFO  Model.MyModel - Stopping server... 
2023.06.22 11:18:05.777 INFO  Model.MyModel - Server.Server@6aa66e86Starting server at port: 5405
2023.06.22 11:18:06.014 INFO  Model.MyModel - Server.Server@6aa66e86Client accepted : Client.Client@32dc8251
2023.06.22 11:18:06.014 INFO  Model.MyModel - Client.Client@32dc8251Client requested for a maze solution
2023.06.22 11:18:06.015 INFO  Model.MyModel - Server.Server@6aa66e86 Stopping sever...
2023.06.22 13:19:32.218 INFO  Model.MyModel - Server.Server@6ad3df73 Starting server at port = 5404
2023.06.22 13:19:40.290 INFO  Model.MyModel - Client accepted: Client.Client@8756a3c
2023.06.22 13:19:40.292 INFO  Model.MyModel - Created new maze with - 20 rows and 20 columns
2023.06.22 13:19:40.293 INFO  Model.MyModel - Stopping server... 
2023.06.22 14:21:48.462 INFO  Model.MyModel - Server.Server@69a5ab61 Starting server at port = 5404
2023.06.22 14:21:56.532 INFO  Model.MyModel - Client accepted: Client.Client@381483ef
2023.06.22 14:21:56.535 INFO  Model.MyModel - Created new maze with - 20 rows and 20 columns
2023.06.22 14:21:56.535 INFO  Model.MyModel - Stopping server... 
2023.06.22 14:22:13.074 INFO  Model.MyModel - Server.Server@670dabeeStarting server at port: 5405
2023.06.22 14:22:13.295 INFO  Model.MyModel - Server.Server@670dabeeClient accepted : Client.Client@61d77293
2023.06.22 14:22:13.295 INFO  Model.MyModel - Client.Client@61d77293Client requested for a maze solution
2023.06.22 14:22:13.295 INFO  Model.MyModel - Server.Server@670dabee Stopping sever...
2023.06.22 14:29:30.676 INFO  Model.MyModel - Server.Server@356392f5 Starting server at port = 5404
2023.06.22 14:29:38.834 INFO  Model.MyModel - Client accepted: Client.Client@1b36f760
2023.06.22 14:29:38.843 INFO  Model.MyModel - Created new maze with - 20 rows and 20 columns
2023.06.22 14:29:38.844 INFO  Model.MyModel - Stopping server... 
2023.06.22 14:30:18.962 INFO  Model.MyModel - Server.Server@7ebfaf5Starting server at port: 5405
2023.06.22 14:30:19.161 INFO  Model.MyModel - Server.Server@7ebfaf5Client accepted : Client.Client@3fd70f7
2023.06.22 14:30:19.162 INFO  Model.MyModel - Client.Client@3fd70f7Client requested for a maze solution
2023.06.22 14:30:19.162 INFO  Model.MyModel - Server.Server@7ebfaf5 Stopping sever...
2023.06.22 14:30:42.863 INFO  Model.MyModel - Server.Server@35905a26 Starting server at port = 5404
2023.06.22 14:30:42.889 INFO  Model.MyModel - Client accepted: Client.Client@2c692f3d
2023.06.22 14:30:42.890 INFO  Model.MyModel - Created new maze with - 5 rows and 5 columns
2023.06.22 14:30:42.891 INFO  Model.MyModel - Stopping server... 
2023.06.22 14:34:24.001 INFO  Model.MyModel - Server.Server@64919482 Starting server at port = 5404
2023.06.22 14:34:32.081 INFO  Model.MyModel - Client accepted: Client.Client@7dd8fe46
2023.06.22 14:34:32.086 INFO  Model.MyModel - Created new maze with - 5 rows and 5 columns
2023.06.22 14:34:32.086 INFO  Model.MyModel - Stopping server... 
2023.06.22 14:39:39.794 INFO  Model.MyModel - Server.Server@7d22e8e9 Starting server at port = 5404
2023.06.22 14:39:47.856 INFO  Model.MyModel - Client accepted: Client.Client@5b17fe6b
2023.06.22 14:39:47.860 INFO  Model.MyModel - Created new maze with - 20 rows and 20 columns
2023.06.22 14:39:47.860 INFO  Model.MyModel - Stopping server... 
2023.06.22 14:40:57.154 INFO  Model.MyModel - Server.Server@27a38094 Starting server at port = 5404
2023.06.22 14:41:05.219 INFO  Model.MyModel - Client accepted: Client.Client@37da1328
2023.06.22 14:41:05.221 INFO  Model.MyModel - Created new maze with - 20 rows and 20 columns
2023.06.22 14:41:05.221 INFO  Model.MyModel - Stopping server... 
2023.06.22 14:42:21.399 INFO  Model.MyModel - Server.Server@687094ba Starting server at port = 5404
2023.06.22 14:42:29.560 INFO  Model.MyModel - Client accepted: Client.Client@43a600
2023.06.22 14:42:29.564 INFO  Model.MyModel - Created new maze with - 20 rows and 20 columns
2023.06.22 14:42:29.564 INFO  Model.MyModel - Stopping server... 
